Base path: C:/Program Files/Unity 2018.1.0b12/Editor/Data
Cmd: initializeCompiler
Cmd: compileComputeKernel
  api=4 insize=15322 outsize=6869 ok=1
Cmd: compileComputeKernel
  api=4 insize=15322 outsize=7989 ok=1
Cmd: compileComputeKernel
  api=4 insize=15322 outsize=8293 ok=1
Cmd: compileComputeKernel
  api=4 insize=15322 outsize=6853 ok=1
Cmd: compileComputeKernel
  api=4 insize=15322 outsize=8321 ok=1
Cmd: compileComputeKernel
  api=4 insize=15322 outsize=8933 ok=1
Cmd: compileComputeKernel
  api=4 insize=15322 outsize=9237 ok=1
Cmd: compileComputeKernel
  api=4 insize=15322 outsize=11425 ok=1
Cmd: initializeCompiler
Cmd: initializeCompiler
Cmd: initializeCompiler
Cmd: initializeCompiler
Cmd: initializeCompiler
Cmd: initializeCompiler
Cmd: initializeCompiler
Cmd: initializeCompiler
Cmd: initializeCompiler
Cmd: initializeCompiler
Cmd: initializeCompiler
Cmd: initializeCompiler
Cmd: initializeCompiler
Cmd: initializeCompiler
Cmd: initializeCompiler
Cmd: initializeCompiler
Cmd: initializeCompiler
Cmd: initializeCompiler

Quitting shader compiler process
