Base path: C:/Program Files/Unity 2018.1.0b12/Editor/Data
Cmd: initializeCompiler
Cmd: compileComputeKernel
  api=4 insize=15322 outsize=5401 ok=1
Cmd: compileComputeKernel
  api=4 insize=15322 outsize=5905 ok=1
Cmd: compileComputeKernel
  api=4 insize=15322 outsize=7297 ok=1
Cmd: compileComputeKernel
  api=4 insize=15322 outsize=9429 ok=1
Cmd: compileComputeKernel
  api=4 insize=15322 outsize=6157 ok=1
Cmd: compileComputeKernel
  api=4 insize=15322 outsize=7933 ok=1
Cmd: compileComputeKernel
  api=4 insize=15322 outsize=7741 ok=1
Cmd: compileComputeKernel
  api=4 insize=15322 outsize=9461 ok=1
Cmd: compileComputeKernel
  api=4 insize=15322 outsize=9765 ok=1
Cmd: initializeCompiler
Cmd: initializeCompiler
Cmd: initializeCompiler
Cmd: initializeCompiler
Cmd: initializeCompiler
Cmd: initializeCompiler
Cmd: initializeCompiler
Cmd: initializeCompiler
Cmd: initializeCompiler
Cmd: initializeCompiler
Cmd: initializeCompiler
Cmd: initializeCompiler
Cmd: initializeCompiler
Cmd: initializeCompiler
Cmd: initializeCompiler
Cmd: initializeCompiler
Cmd: initializeCompiler
Cmd: initializeCompiler

Quitting shader compiler process
