Base path: C:/Program Files/Unity 2018.1.0b12/Editor/Data
Cmd: initializeCompiler
Cmd: compileComputeKernel
  api=4 insize=15322 outsize=6793 ok=1
Cmd: compileComputeKernel
  api=4 insize=15322 outsize=7005 ok=1
Cmd: compileComputeKernel
  api=4 insize=15322 outsize=6781 ok=1
Cmd: compileComputeKernel
  api=4 insize=15322 outsize=8749 ok=1
Cmd: compileComputeKernel
  api=4 insize=15322 outsize=7549 ok=1
Cmd: compileComputeKernel
  api=4 insize=15322 outsize=7357 ok=1
Cmd: compileComputeKernel
  api=4 insize=15322 outsize=8477 ok=1
Cmd: compileComputeKernel
  api=4 insize=15322 outsize=11121 ok=1
Cmd: initializeCompiler
Cmd: initializeCompiler
Cmd: initializeCompiler
Cmd: initializeCompiler
Cmd: initializeCompiler
Cmd: initializeCompiler
Cmd: initializeCompiler
Cmd: initializeCompiler
Cmd: initializeCompiler
Cmd: initializeCompiler
Cmd: initializeCompiler
Cmd: initializeCompiler
Cmd: initializeCompiler
Cmd: initializeCompiler
Cmd: initializeCompiler
Cmd: initializeCompiler
Cmd: initializeCompiler
Cmd: initializeCompiler

Quitting shader compiler process
